<?xml version="1.0" encoding="UTF-8"?>
<beans xmlns="http://www.springframework.org/schema/beans"
       xmlns:xsi="http://www.w3.org/2001/XMLSchema-instance"
       xmlns:context="http://www.springframework.org/schema/context"
       xmlns:tx="http://www.springframework.org/schema/tx">

<!--    <context:annotation-config/>-->
<!--    <context:component-scan base-package="com.tobi"/>-->

    <bean id="datasource" class="org.springframework.jdbc.datasource.SimpleDriverDataSource">
        <property name="driverClass" value="org.h2.Driver"/>
        <property name="url" value="jdbc:h2:tcp://localhost/~/study"/>
        <property name="username" value="sa"/>
    </bean>

    <bean id="jdbcTemplate" class="org.springframework.jdbc.core.JdbcTemplate">
        <!-- 생성자로 주입받을 경우 사용 -->
        <constructor-arg ref="datasource"/>
    </bean>

    <bean id="userDao" class="com.tobi.ch03.jdbcTemplate.UserDao">
        <!-- 의존하는 빈이 등록되어 있을 경우 알아서 넣어준다. -->
<!--        <constructor-arg ref="jdbcTemplate"/>-->
    </bean>

    <bean id="userLevelUpgradedPolicy" class="com.tobi.ch05.DefaultUserLevelUpgrade">
        <property name="userDao" ref="userDao"/>
    </bean>

    <bean id="userServiceImpl" class="com.tobi.ch06.UserServiceImpl">
        <property name="userDao" ref="userDao"/>
        <property name="userLevelUpgradedPolicy" ref="userLevelUpgradedPolicy" />
    </bean>

    <bean id="transactionManager" class="org.springframework.jdbc.datasource.DataSourceTransactionManager">
        <property name="dataSource" ref="datasource"/>
    </bean>

    <bean id="transactionAdvice" class="com.tobi.ch06.TransactionAdvice">
        <property name="transactionManager" ref="transactionManager"/>
    </bean>

    <bean id="transactionPointCut" class="org.springframework.aop.support.NameMatchMethodPointcut">
        <property name="mappedName" value="upgrade*"/>
    </bean>

    <bean id="transactionAdvisor" class="org.springframework.aop.support.DefaultPointcutAdvisor">
        <property name="advice" ref="transactionAdvice"/>
        <property name="pointcut" ref="transactionPointCut"/>
    </bean>

    <bean id="userService" class="org.springframework.aop.framework.ProxyFactoryBean">
        <property name="target" ref="userServiceImpl"/>
        <property name="interceptorNames">
            <list>
                <value>transactionAdvisor</value>
            </list>
        </property>
    </bean>

    <bean id="message" class="com.tobi.ch06.factoryBean.MessageFactoryBean">
        <property name="text" value="Factory Bean"/>
    </bean>


    <bean id="transactionAdvice" class="org.springframework.transaction.interceptor.TransactionInterceptor">
        <property name="transactionManager" ref="transactionManager"/>
        <property name="transactionAttributes">
            <props>
                <prop key="get*">PROPAGATION_REQUIRED, readOnly, timeout_30</prop>
                <prop key="upgrade*">PROPAGATION_REQUIRES_NEW, ISOLATION_SERIALIZABLE</prop>
                <prop key="*">PROPAGATION_REQUIRED</prop>
            </props>
        </property>
    </bean>

    <tx:advice id="transactionAdvice" transaction-manager="transactionManager">
        <tx:attributes>
            <tx:method name="get*" propagation="REQUIRED" read-only="true" timeout="30" isolation="SERIALIZABLE"/>
            <tx:method name="upgrade*" propagation="REQUIRES_NEW" isolation="SERIALIZABLE"/>
            <tx:method name="*" propagation="REQUIRED"/>
        </tx:attributes>
    </tx:advice>
</beans>